<?xml version="1.0" encoding="UTF-8"?>
<!-- Generated by org.testng.reporters.JUnitReportReporter -->
<testsuite skipped="0" hostname="kp-PC" name="testcases.TC001_LoginAndLogout" tests="2" failures="0" timestamp="20 May 2018 05:12:19 GMT" time="17.356" errors="0">
  <testcase name="loginAndLogout" time="8.454" classname="testcases.TC001_LoginAndLogout"/>
  <testcase name="loginAndLogout" time="8.902" classname="testcases.TC001_LoginAndLogout"/>
</testsuite> <!-- testcases.TC001_LoginAndLogout -->
